<?xml version="1.0" encoding="UTF-8"?>
<!-- Generated by org.testng.reporters.JUnitReportReporter -->
<testsuite hostname="DESKTOP-8T2G67J" failures="0" tests="1" name="mavenTestGroupID.MavenTest2022.ExtentReportsDemo1" time="20.427" errors="0" timestamp="2022-08-19T12:42:24 PDT" skipped="0">
  <testcase classname="mavenTestGroupID.MavenTest2022.ExtentReportsDemo1" name="test1_validLoginTest" time="20.427"/>
  <system-out/>
</testsuite> <!-- mavenTestGroupID.MavenTest2022.ExtentReportsDemo1 -->
