<?xml version="1.0" encoding="UTF-8"?>
<!-- Generated by org.testng.reporters.JUnitReportReporter -->
<testsuite hostname="DESKTOP-8T2G67J" failures="0" tests="2" name="mavenTestGroupID.MavenTest2022.TestNG_ListenersTest3" time="0.004" errors="0" timestamp="2022-08-23T13:33:38 PDT" skipped="0">
  <testcase classname="mavenTestGroupID.MavenTest2022.TestNG_ListenersTest3" name="testMethod1" time="0.004"/>
  <system-out/>
  <testcase classname="mavenTestGroupID.MavenTest2022.TestNG_ListenersTest3" name="testMethod2" time="0.000"/>
  <system-out/>
</testsuite> <!-- mavenTestGroupID.MavenTest2022.TestNG_ListenersTest3 -->
