<?xml version="1.0" encoding="UTF-8"?>
<!-- Generated by org.testng.reporters.JUnitReportReporter -->
<testsuite hostname="DESKTOP-8T2G67J" failures="0" tests="2" name="mavenTestGroupID.MavenTest2022.TestNG_ListenersTest4" time="0.000" errors="0" timestamp="2022-08-19T13:46:07 PDT" skipped="0">
  <testcase classname="mavenTestGroupID.MavenTest2022.TestNG_ListenersTest4" name="testMethod1" time="0.000"/>
  <system-out/>
  <testcase classname="mavenTestGroupID.MavenTest2022.TestNG_ListenersTest4" name="testMethod2" time="0.000"/>
  <system-out/>
</testsuite> <!-- mavenTestGroupID.MavenTest2022.TestNG_ListenersTest4 -->
